<component name="libraryTable">
  <library name="junit-4.12">
    <CLASSES>
      <root url="jar://E:/CS 1332/Resources/junit-4.12.jar!/" />
    </CLASSES>
    <JAVADOC />
    <SOURCES />
  </library>
</component>